<?xml version="1.0" encoding="UTF-8"?>
<!-- Generated by org.testng.reporters.JUnitReportReporter -->
<testsuite skipped="0" hostname="MSI" name="testScenarios.TestInventoryPage" tests="1" failures="0" timestamp="2022-05-30T15:44:05 IST" time="9.840" errors="0">
  <testcase name="enterUsername" time="9.840" classname="testScenarios.TestInventoryPage"/>
  <system-out/>
</testsuite> <!-- testScenarios.TestInventoryPage -->
