<?xml version="1.0" encoding="UTF-8"?>
<!-- Generated by org.testng.reporters.JUnitReportReporter -->
<testsuite skipped="0" hostname="MSI" name="testScenarios.TestLoginPage" tests="5" failures="0" timestamp="2022-06-01T19:47:49 IST" time="105.551" errors="0">
  <testcase name="enterUsernamePassword" time="0.285" classname="testScenarios.TestLoginPage"/>
  <system-out>
User credentials successfull  </system-out>
  <testcase name="testProduct" time="0.104" classname="testScenarios.TestLoginPage"/>
  <system-out>
Product Page loaded successfully  </system-out>
  <testcase name="testSingleProductPage" time="50.052" classname="testScenarios.TestLoginPage"/>
  <system-out>
item click button Add To Cart  </system-out>
  <testcase name="click_btn_Cart" time="0.057" classname="testScenarios.TestLoginPage"/>
  <system-out>
Cart Page loaded  </system-out>
  <testcase name="verifyCartItem" time="55.053" classname="testScenarios.TestLoginPage"/>
  <system-out>
CartItem Verified  </system-out>
</testsuite> <!-- testScenarios.TestLoginPage -->
