<?xml version="1.0" encoding="UTF-8"?>
<!-- Generated by org.testng.reporters.JUnitReportReporter -->
<testsuite skipped="0" hostname="MSI" name="testScenarios.TestLoginPage" tests="2" failures="0" timestamp="2022-05-30T20:46:34 IST" time="157.233" errors="0">
  <testcase name="testProduct" time="156.930" classname="testScenarios.TestLoginPage"/>
  <system-out/>
  <testcase name="enterUsername" time="0.303" classname="testScenarios.TestLoginPage"/>
  <system-out/>
</testsuite> <!-- testScenarios.TestLoginPage -->
